[2016-10-20 19:26:51,785] multiqc                                            [DEBUG  ]  No MultiQC config found: /Users/andrewspanjer/anaconda/lib/python2.7/site-packages/multiqc_config.yaml
[2016-10-20 19:26:51,786] multiqc                                            [DEBUG  ]  No MultiQC config found: /Users/andrewspanjer/.multiqc_config.yaml
[2016-10-20 19:26:51,786] multiqc                                            [DEBUG  ]  No MultiQC config found: multiqc_config.yaml
[2016-10-20 19:26:51,786] multiqc                                            [DEBUG  ]  No MultiQC config found: /Users/andrewspanjer/anaconda/lib/python2.7/site-packages/multiqc_config.yaml
[2016-10-20 19:26:51,786] multiqc                                            [DEBUG  ]  No MultiQC config found: /Users/andrewspanjer/.multiqc_config.yaml
[2016-10-20 19:26:51,787] multiqc                                            [DEBUG  ]  No MultiQC config found: multiqc_config.yaml
[2016-10-20 19:26:51,787] multiqc                                            [DEBUG  ]  Command used: /Users/andrewspanjer/anaconda/bin/multiqc ./analyses/
[2016-10-20 19:26:51,787] multiqc                                            [DEBUG  ]  Could not connect to multiqc.info for version check
[2016-10-20 19:26:51,787] multiqc                                            [INFO   ]  This is MultiQC v0.8
[2016-10-20 19:26:51,787] multiqc                                            [DEBUG  ]  Command     : /Users/andrewspanjer/anaconda/bin/multiqc ./analyses/
[2016-10-20 19:26:51,787] multiqc                                            [DEBUG  ]  Working dir : /Users/andrewspanjer/RNAseq_Coho
[2016-10-20 19:26:51,788] multiqc                                            [INFO   ]  Template    : default
[2016-10-20 19:26:51,788] multiqc                                            [INFO   ]  Searching './analyses/'
[2016-10-20 19:26:51,788] multiqc                                            [DEBUG  ]  Analysing modules: gatk, quast, snpeff, qualimap, bcftools, featureCounts, methylQA, rseqc, picard, preseq, samblaster, samtools, bamtools, bismark, hicup, salmon, kallisto, star, tophat, bowtie2, bowtie1, cutadapt, trimmomatic, skewer, fastq_screen, fastqc
[2016-10-20 19:26:51,788] multiqc                                            [DEBUG  ]  Using temporary directory for creating report: /var/folders/l6/r5_8x74145q2yh75b97qr7jr0000gn/T/tmpgJtpYy
[2016-10-20 19:26:51,798] multiqc                                            [DEBUG  ]  Ignoring file as matched an ignore pattern: .DS_Store
[2016-10-20 19:26:51,816] multiqc                                            [DEBUG  ]  Ignoring file as too large: jre-8u111-macosx-x64.dmg
[2016-10-20 19:26:51,820] multiqc                                            [DEBUG  ]  Ignoring file as too large: tran2protBlast.txt
[2016-10-20 19:26:51,825] multiqc                                            [DEBUG  ]  Ignoring file as matched an ignore pattern: .DS_Store
[2016-10-20 19:26:51,826] multiqc                                            [DEBUG  ]  Ignoring file as too large: annotation.txt
[2016-10-20 19:26:52,789] multiqc.modules.gatk.gatk                          [DEBUG  ]  Could not find any reports in ('./analyses/',)
[2016-10-20 19:26:52,807] multiqc.modules.quast.quast                        [DEBUG  ]  Could not find any reports in ('./analyses/',)
[2016-10-20 19:26:53,566] multiqc.modules.snpeff.snpeff                      [DEBUG  ]  Could not find any data in ('./analyses/',)
[2016-10-20 19:26:53,662] multiqc.modules.qualimap.qualimap                  [DEBUG  ]  Could not find any reports in ('./analyses/',)
[2016-10-20 19:26:54,459] multiqc.modules.bcftools.bcftools                  [DEBUG  ]  Could not find any reports in ('./analyses/',)
[2016-10-20 19:26:54,477] multiqc.modules.featureCounts.feature_counts       [DEBUG  ]  Could not find any reports in ('./analyses/',)
[2016-10-20 19:26:54,493] multiqc.modules.methylQA.methylQA                  [DEBUG  ]  Could not find any reports in ('./analyses/',)
[2016-10-20 19:26:57,837] multiqc.modules.rseqc.rseqc                        [DEBUG  ]  Could not find any reports in ('./analyses/',)
[2016-10-20 19:27:04,755] multiqc.modules.picard.picard                      [DEBUG  ]  Could not find any reports in ('./analyses/',)
[2016-10-20 19:27:05,715] multiqc.modules.preseq.preseq                      [DEBUG  ]  Could not find any preseq data in ('./analyses/',)
[2016-10-20 19:27:06,812] multiqc.modules.samblaster.samblaster              [DEBUG  ]  Could not find any data in ('./analyses/',)
[2016-10-20 19:27:08,902] multiqc.modules.samtools.samtools                  [DEBUG  ]  Could not find any reports in ('./analyses/',)
[2016-10-20 19:27:09,939] multiqc.modules.bamtools.bamtools                  [DEBUG  ]  Could not find any reports in ('./analyses/',)
[2016-10-20 19:27:10,013] multiqc.modules.bismark.bismark                    [DEBUG  ]  Could not find any reports in ('./analyses/',)
[2016-10-20 19:27:10,032] multiqc.modules.hicup.hicup                        [DEBUG  ]  Could not find any HiCUP data in ('./analyses/',)
[2016-10-20 19:27:10,063] multiqc.modules.salmon.salmon                      [DEBUG  ]  Could not find any Salmon data in ('./analyses/',)
[2016-10-20 19:27:10,849] multiqc.modules.kallisto.kallisto                  [DEBUG  ]  Could not find any reports in ('./analyses/',)
[2016-10-20 19:27:10,867] multiqc.modules.star.star                          [DEBUG  ]  Could not find any reports in ('./analyses/',)
[2016-10-20 19:27:10,883] multiqc.modules.tophat.tophat                      [DEBUG  ]  Could not find any reports in ('./analyses/',)
[2016-10-20 19:27:11,665] multiqc.modules.bowtie2.bowtie2                    [DEBUG  ]  Could not find any reports in ('./analyses/',)
[2016-10-20 19:27:12,476] multiqc.modules.bowtie1.bowtie1                    [DEBUG  ]  Could not find any reports in ('./analyses/',)
[2016-10-20 19:27:13,250] multiqc.modules.cutadapt.cutadapt                  [DEBUG  ]  Could not find any reports in ('./analyses/',)
[2016-10-20 19:27:14,011] multiqc.modules.trimmomatic.trimmomatic            [DEBUG  ]  Could not find any Trimmomatic data in ('./analyses/',)
[2016-10-20 19:27:14,795] multiqc.modules.skewer.skewer                      [DEBUG  ]  Could not find any data in ('./analyses/',)
[2016-10-20 19:27:14,813] multiqc.modules.fastq_screen.fastq_screen          [DEBUG  ]  Could not find any reports in ('./analyses/',)
[2016-10-20 19:27:43,072] multiqc.modules.fastqc.fastqc                      [DEBUG  ]  Skipping 'A.1_fastqc.zip' as already parsed 'A.1'
[2016-10-20 19:27:43,072] multiqc.modules.fastqc.fastqc                      [INFO   ]  Found 48 reports
[2016-10-20 19:27:56,717] multiqc                                            [INFO   ]  Report      : multiqc_report.html
[2016-10-20 19:27:56,718] multiqc                                            [INFO   ]  Data        : multiqc_data
[2016-10-20 19:27:56,719] multiqc                                            [DEBUG  ]  Moving data file from '/var/folders/l6/r5_8x74145q2yh75b97qr7jr0000gn/T/tmpgJtpYy/multiqc_data/multiqc_fastqc.txt' to '/Users/andrewspanjer/RNAseq_Coho/multiqc_data'
[2016-10-20 19:27:56,720] multiqc                                            [DEBUG  ]  Moving data file from '/var/folders/l6/r5_8x74145q2yh75b97qr7jr0000gn/T/tmpgJtpYy/multiqc_data/multiqc_general_stats.txt' to '/Users/andrewspanjer/RNAseq_Coho/multiqc_data'
[2016-10-20 19:27:56,721] multiqc                                            [DEBUG  ]  Moving data file from '/var/folders/l6/r5_8x74145q2yh75b97qr7jr0000gn/T/tmpgJtpYy/multiqc_data/multiqc_sources.txt' to '/Users/andrewspanjer/RNAseq_Coho/multiqc_data'
[2016-10-20 19:27:57,071] multiqc                                            [INFO   ]  MultiQC complete
