[2016-10-27 07:36:48,559] multiqc                                            [DEBUG  ]  No MultiQC config found: /Users/andrewspanjer/anaconda/lib/python2.7/site-packages/multiqc_config.yaml
[2016-10-27 07:36:48,560] multiqc                                            [DEBUG  ]  No MultiQC config found: /Users/andrewspanjer/.multiqc_config.yaml
[2016-10-27 07:36:48,560] multiqc                                            [DEBUG  ]  No MultiQC config found: multiqc_config.yaml
[2016-10-27 07:36:48,561] multiqc                                            [DEBUG  ]  No MultiQC config found: /Users/andrewspanjer/anaconda/lib/python2.7/site-packages/multiqc_config.yaml
[2016-10-27 07:36:48,561] multiqc                                            [DEBUG  ]  No MultiQC config found: /Users/andrewspanjer/.multiqc_config.yaml
[2016-10-27 07:36:48,562] multiqc                                            [DEBUG  ]  No MultiQC config found: multiqc_config.yaml
[2016-10-27 07:36:48,562] multiqc                                            [DEBUG  ]  Command used: /Users/andrewspanjer/anaconda/bin/multiqc ./analyses/fastQC_before/ -o ./analyses/ -n multiqc_before
[2016-10-27 07:36:48,562] multiqc                                            [DEBUG  ]  Could not connect to multiqc.info for version check
[2016-10-27 07:36:48,563] multiqc                                            [INFO   ]  This is MultiQC v0.8
[2016-10-27 07:36:48,563] multiqc                                            [DEBUG  ]  Command     : /Users/andrewspanjer/anaconda/bin/multiqc ./analyses/fastQC_before/ -o ./analyses/ -n multiqc_before
[2016-10-27 07:36:48,564] multiqc                                            [DEBUG  ]  Working dir : /Users/andrewspanjer/RNAseq_Coho
[2016-10-27 07:36:48,564] multiqc                                            [INFO   ]  Template    : default
[2016-10-27 07:36:48,565] multiqc                                            [INFO   ]  Searching './analyses/fastQC_before/'
[2016-10-27 07:36:48,565] multiqc                                            [DEBUG  ]  Analysing modules: gatk, quast, snpeff, qualimap, bcftools, featureCounts, methylQA, rseqc, picard, preseq, samblaster, samtools, bamtools, bismark, hicup, salmon, kallisto, star, tophat, bowtie2, bowtie1, cutadapt, trimmomatic, skewer, fastq_screen, fastqc
[2016-10-27 07:36:48,565] multiqc                                            [DEBUG  ]  Using temporary directory for creating report: /var/folders/l6/r5_8x74145q2yh75b97qr7jr0000gn/T/tmpRx8ja3
[2016-10-27 07:36:48,582] multiqc                                            [DEBUG  ]  Ignoring file as matched an ignore pattern: .DS_Store
[2016-10-27 07:36:49,138] multiqc.modules.gatk.gatk                          [DEBUG  ]  Could not find any reports in ('./analyses/fastQC_before/',)
[2016-10-27 07:36:49,173] multiqc.modules.quast.quast                        [DEBUG  ]  Could not find any reports in ('./analyses/fastQC_before/',)
[2016-10-27 07:36:49,471] multiqc.modules.snpeff.snpeff                      [DEBUG  ]  Could not find any data in ('./analyses/fastQC_before/',)
[2016-10-27 07:36:49,559] multiqc.modules.qualimap.qualimap                  [DEBUG  ]  Could not find any reports in ('./analyses/fastQC_before/',)
[2016-10-27 07:36:50,124] multiqc.modules.bcftools.bcftools                  [DEBUG  ]  Could not find any reports in ('./analyses/fastQC_before/',)
[2016-10-27 07:36:50,154] multiqc.modules.featureCounts.feature_counts       [DEBUG  ]  Could not find any reports in ('./analyses/fastQC_before/',)
[2016-10-27 07:36:50,175] multiqc.modules.methylQA.methylQA                  [DEBUG  ]  Could not find any reports in ('./analyses/fastQC_before/',)
[2016-10-27 07:36:51,764] multiqc.modules.rseqc.rseqc                        [DEBUG  ]  Could not find any reports in ('./analyses/fastQC_before/',)
[2016-10-27 07:36:56,695] multiqc.modules.picard.picard                      [DEBUG  ]  Could not find any reports in ('./analyses/fastQC_before/',)
[2016-10-27 07:36:57,093] multiqc.modules.preseq.preseq                      [DEBUG  ]  Could not find any preseq data in ('./analyses/fastQC_before/',)
[2016-10-27 07:36:57,565] multiqc.modules.samblaster.samblaster              [DEBUG  ]  Could not find any data in ('./analyses/fastQC_before/',)
[2016-10-27 07:36:58,346] multiqc.modules.samtools.samtools                  [DEBUG  ]  Could not find any reports in ('./analyses/fastQC_before/',)
[2016-10-27 07:36:58,624] multiqc.modules.bamtools.bamtools                  [DEBUG  ]  Could not find any reports in ('./analyses/fastQC_before/',)
[2016-10-27 07:36:58,721] multiqc.modules.bismark.bismark                    [DEBUG  ]  Could not find any reports in ('./analyses/fastQC_before/',)
[2016-10-27 07:36:58,740] multiqc.modules.hicup.hicup                        [DEBUG  ]  Could not find any HiCUP data in ('./analyses/fastQC_before/',)
[2016-10-27 07:36:58,793] multiqc.modules.salmon.salmon                      [DEBUG  ]  Could not find any Salmon data in ('./analyses/fastQC_before/',)
[2016-10-27 07:36:59,181] multiqc.modules.kallisto.kallisto                  [DEBUG  ]  Could not find any reports in ('./analyses/fastQC_before/',)
[2016-10-27 07:36:59,253] multiqc.modules.star.star                          [DEBUG  ]  Could not find any reports in ('./analyses/fastQC_before/',)
[2016-10-27 07:36:59,288] multiqc.modules.tophat.tophat                      [DEBUG  ]  Could not find any reports in ('./analyses/fastQC_before/',)
[2016-10-27 07:36:59,626] multiqc.modules.bowtie2.bowtie2                    [DEBUG  ]  Could not find any reports in ('./analyses/fastQC_before/',)
[2016-10-27 07:36:59,989] multiqc.modules.bowtie1.bowtie1                    [DEBUG  ]  Could not find any reports in ('./analyses/fastQC_before/',)
[2016-10-27 07:37:00,284] multiqc.modules.cutadapt.cutadapt                  [DEBUG  ]  Could not find any reports in ('./analyses/fastQC_before/',)
[2016-10-27 07:37:00,596] multiqc.modules.trimmomatic.trimmomatic            [DEBUG  ]  Could not find any Trimmomatic data in ('./analyses/fastQC_before/',)
[2016-10-27 07:37:00,877] multiqc.modules.skewer.skewer                      [DEBUG  ]  Could not find any data in ('./analyses/fastQC_before/',)
[2016-10-27 07:37:00,894] multiqc.modules.fastq_screen.fastq_screen          [DEBUG  ]  Could not find any reports in ('./analyses/fastQC_before/',)
[2016-10-27 07:37:43,545] multiqc.modules.fastqc.fastqc                      [INFO   ]  Found 48 reports
[2016-10-27 07:38:03,127] multiqc                                            [INFO   ]  Report      : analyses/multiqc_before.html
[2016-10-27 07:38:03,128] multiqc                                            [INFO   ]  Data        : analyses/multiqc_before_data
[2016-10-27 07:38:03,128] multiqc                                            [DEBUG  ]  Moving data file from '/var/folders/l6/r5_8x74145q2yh75b97qr7jr0000gn/T/tmpRx8ja3/multiqc_data/multiqc_fastqc.txt' to './analyses/multiqc_before_data'
[2016-10-27 07:38:03,129] multiqc                                            [DEBUG  ]  Moving data file from '/var/folders/l6/r5_8x74145q2yh75b97qr7jr0000gn/T/tmpRx8ja3/multiqc_data/multiqc_general_stats.txt' to './analyses/multiqc_before_data'
[2016-10-27 07:38:03,129] multiqc                                            [DEBUG  ]  Moving data file from '/var/folders/l6/r5_8x74145q2yh75b97qr7jr0000gn/T/tmpRx8ja3/multiqc_data/multiqc_sources.txt' to './analyses/multiqc_before_data'
[2016-10-27 07:38:03,536] multiqc                                            [INFO   ]  MultiQC complete
